2026-04-18 19:19:49,501 - [SwarmWorker] - INFO - Redis connection established.
2026-04-18 19:19:49,503 - [SwarmWorker] - INFO - Recovering orphaned tasks via XAUTOCLAIM...
2026-04-18 19:19:49,505 - [SwarmWorker] - INFO - Recovered orphaned task: 1776553549848-0
2026-04-18 19:19:49,505 - [SwarmWorker] - INFO - --- Received Event | Ticket: CHORE-023 | Status: REFINEMENT ---
2026-04-18 19:19:49,517 - [SwarmWorker] - ERROR - [CHORE-023] Exception syncing state to FastAPI: 400 Client Error: Bad Request for url: http://localhost:8000/state/update
2026-04-18 19:19:49,518 - [SwarmWorker] - INFO - [CHORE-023] REFINEMENT -> Spawning Vanguard + Threat Council
2026-04-18 19:19:49,518 - [SwarmWorker] - INFO - Spawning native API request for agent: hawkeye...
2026-04-18 19:20:03,405 - [SwarmWorker] - INFO - Spawning native API request for agent: vision...
2026-04-18 19:20:15,875 - [SwarmWorker] - INFO - Spawning native API request for agent: black_panther...
2026-04-18 19:20:25,945 - [SwarmWorker] - INFO - Spawning native API request for agent: she_hulk...
2026-04-18 19:20:34,645 - [SwarmWorker] - INFO - Spawning native API request for agent: falcon...
2026-04-18 19:20:44,668 - [SwarmWorker] - INFO - Spawning native API request for agent: kang_the_conqueror...
2026-04-18 19:20:59,212 - [SwarmWorker] - INFO - Spawning native API request for agent: iron_man...
2026-04-18 19:21:16,519 - [SwarmWorker] - INFO - Spawning native API request for agent: heimdall...
2026-04-18 19:21:30,099 - [SwarmWorker] - INFO - [CHORE-023] Synced state BUILDING to FastAPI backend.
2026-04-18 19:21:30,101 - [SwarmWorker] - INFO - Recovered orphaned task: 1776553638340-0
2026-04-18 19:21:30,101 - [SwarmWorker] - INFO - --- Received Event | Ticket: CHORE-023 | Status: BUILDING ---
2026-04-18 19:21:30,107 - [SwarmWorker] - INFO - [CHORE-023] Synced state BUILDING to FastAPI backend.
2026-04-18 19:21:30,107 - [SwarmWorker] - INFO - [CHORE-023] Routing to Jarvis for LOE & Compute Tier analysis...
2026-04-18 19:21:30,107 - [SwarmWorker] - INFO - Spawning native API request for agent: jarvis...
2026-04-18 19:21:38,292 - [SwarmWorker] - INFO - [CHORE-023] Jarvis LOE Analysis Complete. Assigned Tier: LOCAL (gemma4:9b / RTX 4070)
2026-04-18 19:21:38,292 - [SwarmWorker] - INFO - [CHORE-023] Routing to Execution Squad (iron_man) on LOCAL (gemma4:9b / RTX 4070)...
2026-04-18 19:21:38,292 - [SwarmWorker] - INFO - Spawning native API request for agent: iron_man...
[Lobster Protocol] Initiating markdown intercept...
**SPRINT TASK CHORE-023 SUMMARY**

I have physically applied the changes to enforce LF line endings to prevent WSL2 to container execution errors. 

**Physical File Changes:**
* `Created/Modified:` `/home/rdogen/OpenClaw_Factory/projects/Hosteva/.gitattributes`

**Content Injected:**
```text
*.txt text eol=lf
*.toml text eol=lf
*.lock text eol=lf
*.sh text eol=lf
Dockerfile text eol=lf
```

**Verification:**
* Verified successful file generation locally via physical `cat` command execution on the host file path. 
* Target files will now universally coerce to LF endings during git operations.

I am locked out of state transitions. I yield to the Orchestrator/QA for `DONE` certification and PR approvals.2026-04-18 19:21:55,219 - [SwarmWorker] - INFO - [CHORE-023] Interceptor successfully processed execution output.
2026-04-18 19:21:55,228 - [SwarmWorker] - INFO - [CHORE-023] Synced state AUDITING to FastAPI backend.
2026-04-18 19:21:55,228 - [SwarmWorker] - INFO - Recovered orphaned task: 1776553638341-0
2026-04-18 19:21:55,228 - [SwarmWorker] - INFO - --- Received Event | Ticket: CHORE-023 | Status: BUILDING ---
2026-04-18 19:21:55,231 - [SwarmWorker] - ERROR - [CHORE-023] Exception syncing state to FastAPI: 400 Client Error: Bad Request for url: http://localhost:8000/state/update
2026-04-18 19:21:55,231 - [SwarmWorker] - INFO - [CHORE-023] Routing to Jarvis for LOE & Compute Tier analysis...
2026-04-18 19:21:55,232 - [SwarmWorker] - INFO - Spawning native API request for agent: jarvis...
2026-04-18 19:22:07,273 - [SwarmWorker] - INFO - [CHORE-023] Jarvis LOE Analysis Complete. Assigned Tier: LOCAL (gemma4:9b / RTX 4070)
2026-04-18 19:22:07,273 - [SwarmWorker] - INFO - [CHORE-023] Routing to Execution Squad (iron_man) on LOCAL (gemma4:9b / RTX 4070)...
2026-04-18 19:22:07,273 - [SwarmWorker] - INFO - Spawning native API request for agent: iron_man...
