Submitting Veo 3.1 Fast video generation job...
Operation started successfully: models/veo-3.1-fast-generate-preview/operations/r857trzii1v3
Polling for completion (this may take 1-3 minutes)...
Still processing...
Still processing...
Still processing...
Still processing...
Still processing...
Operation complete!
Video ready at URI: https://generativelanguage.googleapis.com/v1beta/files/2ew0fmjs4gvk:download?alt=media
Downloading video asset...
Video successfully downloaded to: marketing/hosteva_ad_clip2.mp4
Submitting Veo 3.1 Fast video generation job...
Operation started successfully: models/veo-3.1-fast-generate-preview/operations/ezzxljtcgkqh
Polling for completion (this may take 1-3 minutes)...
Still processing...
Still processing...
Still processing...
Still processing...
Still processing...
Still processing...
Operation complete!
Video ready at URI: https://generativelanguage.googleapis.com/v1beta/files/4nh2nwamiodj:download?alt=media
Downloading video asset...
Video successfully downloaded to: marketing/hosteva_ad_clip3.mp4
Submitting Veo 3.1 Fast video generation job...
Operation started successfully: models/veo-3.1-fast-generate-preview/operations/b189f7inhm76
Polling for completion (this may take 1-3 minutes)...
Still processing...
Still processing...
Still processing...
Still processing...
Still processing...
Still processing...
Still processing...
Operation complete!
Video ready at URI: https://generativelanguage.googleapis.com/v1beta/files/6njyhg5ofbc7:download?alt=media
Downloading video asset...
Video successfully downloaded to: marketing/hosteva_ad_clip4.mp4
Submitting Veo 3.1 Fast video generation job...
Operation started successfully: models/veo-3.1-fast-generate-preview/operations/iagiqupxbxoh
Polling for completion (this may take 1-3 minutes)...
Still processing...
Still processing...
Still processing...
Still processing...
Still processing...
Still processing...
Still processing...
Operation complete!
Video ready at URI: https://generativelanguage.googleapis.com/v1beta/files/tkr8w2ga9mw7:download?alt=media
Downloading video asset...
Video successfully downloaded to: marketing/hosteva_ad_clip5.mp4
Submitting Veo 3.1 Fast video generation job...
Operation started successfully: models/veo-3.1-fast-generate-preview/operations/rjwlq6so6q3m
Polling for completion (this may take 1-3 minutes)...
Still processing...
Still processing...
Still processing...
Still processing...
Still processing...
Operation complete!
Video ready at URI: https://generativelanguage.googleapis.com/v1beta/files/it9s8ogv0vav:download?alt=media
Downloading video asset...
Video successfully downloaded to: marketing/hosteva_ad_clip6.mp4
